<?xml version="1.0" encoding="UTF-8"?>
<!-- Generated by org.testng.reporters.JUnitReportReporter -->
<testsuite skipped="0" hostname="DESKTOP-LC7MNC2" name="com.hcl.testNG.TestNGDemo" tests="2" failures="0" timestamp="2021-06-10T11:24:42 IST" time="0.003" errors="0">
  <testcase name="demo2" time="0.003" classname="com.hcl.testNG.TestNGDemo"/>
  <testcase name="demo" time="0.000" classname="com.hcl.testNG.TestNGDemo"/>
</testsuite> <!-- com.hcl.testNG.TestNGDemo -->
